{"/Users/vidol/Desktop/Do/components/component/MyHeader.js": {"path":"/Users/vidol/Desktop/Do/components/component/MyHeader.js","statementMap":{"0":{"start":{"line":1,"column":42},"end":{"line":1,"column":97}},"1":{"start":{"line":1,"column":98},"end":{"line":1,"column":160}},"2":{"start":{"line":1,"column":160},"end":{"line":1,"column":185}},"3":{"start":{"line":1,"column":198},"end":{"line":1,"column":238}},"4":{"start":{"line":2,"column":19},"end":{"line":2,"column":42}},"5":{"start":{"line":2,"column":62},"end":{"line":2,"column":120}},"6":{"start":{"line":4,"column":15},"end":{"line":28,"column":1}},"7":{"start":{"line":5,"column":2},"end":{"line":24,"column":112}},"8":{"start":{"line":9,"column":103},"end":{"line":9,"column":142}},"9":{"start":{"line":21,"column":35},"end":{"line":21,"column":78}},"10":{"start":{"line":30,"column":0},"end":{"line":30,"column":8}},"11":{"start":{"line":30,"column":9},"end":{"line":30,"column":36}},"12":{"start":{"line":32,"column":13},"end":{"line":63,"column":18}}},"fnMap":{"0":{"name":"MyHeader","decl":{"start":{"line":4,"column":24},"end":{"line":4,"column":32}},"loc":{"start":{"line":4,"column":40},"end":{"line":28,"column":1}},"line":4},"1":{"name":"onPress","decl":{"start":{"line":9,"column":92},"end":{"line":9,"column":99}},"loc":{"start":{"line":9,"column":102},"end":{"line":9,"column":143}},"line":9},"2":{"name":"onPress","decl":{"start":{"line":21,"column":24},"end":{"line":21,"column":31}},"loc":{"start":{"line":21,"column":34},"end":{"line":21,"column":79}},"line":21}},"branchMap":{"0":{"loc":{"start":{"line":8,"column":4},"end":{"line":12,"column":109}},"type":"cond-expr","locations":[{"start":{"line":9,"column":4},"end":{"line":10,"column":178}},{"start":{"line":12,"column":4},"end":{"line":12,"column":109}}],"line":8},"1":{"loc":{"start":{"line":16,"column":4},"end":{"line":24,"column":109}},"type":"cond-expr","locations":[{"start":{"line":17,"column":4},"end":{"line":21,"column":137}},{"start":{"line":24,"column":4},"end":{"line":24,"column":109}}],"line":16}},"s":{"0":1,"1":1,"2":1,"3":1,"4":1,"5":1,"6":1,"7":11,"8":1,"9":1,"10":1,"11":1,"12":1},"f":{"0":11,"1":1,"2":1},"b":{"0":[3,8],"1":[3,8]},"_coverageSchema":"43e27e138ebf9cfc5966b082cf9a028302ed4184","hash":"00d5621f6ab8e67fa0f27f04f6485920461e79a4"}
,"/Users/vidol/Desktop/Do/image/menu.png": {"path":"/Users/vidol/Desktop/Do/image/menu.png","statementMap":{"0":{"start":{"line":1,"column":0},"end":{"line":4,"column":6}}},"fnMap":{},"branchMap":{},"s":{"0":1},"f":{},"b":{},"_coverageSchema":"43e27e138ebf9cfc5966b082cf9a028302ed4184","hash":"7a314157a23da22c5d27366223140bdc9add2b0b"}
}
