{"/Users/vidol/Desktop/Do/actions/index.js": {"path":"/Users/vidol/Desktop/Do/actions/index.js","statementMap":{"0":{"start":{"line":1,"column":43},"end":{"line":1,"column":99}},"1":{"start":{"line":1,"column":100},"end":{"line":1,"column":162}},"2":{"start":{"line":1,"column":162},"end":{"line":1,"column":190}},"3":{"start":{"line":1,"column":205},"end":{"line":1,"column":249}},"4":{"start":{"line":3,"column":15},"end":{"line":7,"column":1}},"5":{"start":{"line":4,"column":2},"end":{"line":5,"column":23}},"6":{"start":{"line":8,"column":12},"end":{"line":13,"column":1}},"7":{"start":{"line":9,"column":2},"end":{"line":11,"column":19}},"8":{"start":{"line":14,"column":17},"end":{"line":18,"column":1}},"9":{"start":{"line":15,"column":2},"end":{"line":16,"column":26}},"10":{"start":{"line":20,"column":17},"end":{"line":29,"column":5}},"11":{"start":{"line":20,"column":40},"end":{"line":29,"column":4}},"12":{"start":{"line":21,"column":4},"end":{"line":21,"column":25}},"13":{"start":{"line":22,"column":4},"end":{"line":28,"column":7}},"14":{"start":{"line":23,"column":6},"end":{"line":27,"column":7}},"15":{"start":{"line":24,"column":8},"end":{"line":24,"column":34}},"16":{"start":{"line":26,"column":8},"end":{"line":26,"column":31}},"17":{"start":{"line":29,"column":6},"end":{"line":29,"column":38}}},"fnMap":{"0":{"name":"Fetching","decl":{"start":{"line":3,"column":24},"end":{"line":3,"column":32}},"loc":{"start":{"line":3,"column":35},"end":{"line":7,"column":1}},"line":3},"1":{"name":"Fetch","decl":{"start":{"line":8,"column":21},"end":{"line":8,"column":26}},"loc":{"start":{"line":8,"column":32},"end":{"line":13,"column":1}},"line":8},"2":{"name":"FetchError","decl":{"start":{"line":14,"column":26},"end":{"line":14,"column":36}},"loc":{"start":{"line":14,"column":39},"end":{"line":18,"column":1}},"line":14},"3":{"name":"LoginCheck","decl":{"start":{"line":20,"column":26},"end":{"line":20,"column":36}},"loc":{"start":{"line":20,"column":39},"end":{"line":29,"column":5}},"line":20},"4":{"name":"(anonymous_4)","decl":{"start":{"line":20,"column":47},"end":{"line":20,"column":48}},"loc":{"start":{"line":20,"column":67},"end":{"line":29,"column":3}},"line":20},"5":{"name":"(anonymous_5)","decl":{"start":{"line":22,"column":46},"end":{"line":22,"column":47}},"loc":{"start":{"line":22,"column":62},"end":{"line":28,"column":5}},"line":22}},"branchMap":{"0":{"loc":{"start":{"line":23,"column":6},"end":{"line":27,"column":7}},"type":"if","locations":[{"start":{"line":23,"column":6},"end":{"line":27,"column":7}},{"start":{"line":23,"column":6},"end":{"line":27,"column":7}}],"line":23}},"s":{"0":1,"1":1,"2":1,"3":1,"4":1,"5":0,"6":1,"7":0,"8":1,"9":0,"10":1,"11":0,"12":0,"13":0,"14":0,"15":0,"16":0,"17":1},"f":{"0":0,"1":0,"2":0,"3":0,"4":0,"5":0},"b":{"0":[0,0]},"_coverageSchema":"43e27e138ebf9cfc5966b082cf9a028302ed4184","hash":"45c350c200d782560ac56cbb51ede139ae629501"}
,"/Users/vidol/Desktop/Do/components/component/AddTask.js": {"path":"/Users/vidol/Desktop/Do/components/component/AddTask.js","statementMap":{"0":{"start":{"line":1,"column":42},"end":{"line":1,"column":97}},"1":{"start":{"line":1,"column":128},"end":{"line":1,"column":184}},"2":{"start":{"line":1,"column":185},"end":{"line":1,"column":247}},"3":{"start":{"line":1,"column":247},"end":{"line":1,"column":272}},"4":{"start":{"line":1,"column":295},"end":{"line":1,"column":367}},"5":{"start":{"line":1,"column":388},"end":{"line":1,"column":457}},"6":{"start":{"line":1,"column":492},"end":{"line":1,"column":575}},"7":{"start":{"line":1,"column":599},"end":{"line":1,"column":671}},"8":{"start":{"line":1,"column":689},"end":{"line":1,"column":755}},"9":{"start":{"line":1,"column":769},"end":{"line":1,"column":810}},"10":{"start":{"line":2,"column":15},"end":{"line":2,"column":59}},"11":{"start":{"line":3,"column":18},"end":{"line":3,"column":40}},"12":{"start":{"line":4,"column":19},"end":{"line":4,"column":42}},"13":{"start":{"line":5,"column":14},"end":{"line":5,"column":55}},"14":{"start":{"line":5,"column":75},"end":{"line":5,"column":132}},"15":{"start":{"line":7,"column":10},"end":{"line":70,"column":44}},"16":{"start":{"line":7,"column":33},"end":{"line":7,"column":78}},"17":{"start":{"line":8,"column":37},"end":{"line":8,"column":82}},"18":{"start":{"line":9,"column":4},"end":{"line":9,"column":117}},"19":{"start":{"line":9,"column":117},"end":{"line":44,"column":6}},"20":{"start":{"line":30,"column":6},"end":{"line":43,"column":7}},"21":{"start":{"line":31,"column":8},"end":{"line":41,"column":38}},"22":{"start":{"line":44,"column":6},"end":{"line":44,"column":47}},"23":{"start":{"line":44,"column":47},"end":{"line":44,"column":60}},"24":{"start":{"line":44,"column":61},"end":{"line":70,"column":10}},"25":{"start":{"line":44,"column":176},"end":{"line":44,"column":180}},"26":{"start":{"line":44,"column":181},"end":{"line":44,"column":351}},"27":{"start":{"line":44,"column":279},"end":{"line":44,"column":348}},"28":{"start":{"line":44,"column":305},"end":{"line":44,"column":347}},"29":{"start":{"line":46,"column":18},"end":{"line":46,"column":22}},"30":{"start":{"line":47,"column":6},"end":{"line":64,"column":156}},"31":{"start":{"line":57,"column":53},"end":{"line":57,"column":92}},"32":{"start":{"line":64,"column":39},"end":{"line":64,"column":61}},"33":{"start":{"line":64,"column":61},"end":{"line":64,"column":93}},"34":{"start":{"line":70,"column":10},"end":{"line":70,"column":25}},"35":{"start":{"line":73,"column":22},"end":{"line":79,"column":1}},"36":{"start":{"line":74,"column":2},"end":{"line":78,"column":3}},"37":{"start":{"line":75,"column":4},"end":{"line":76,"column":49}},"38":{"start":{"line":81,"column":0},"end":{"line":81,"column":50}},"39":{"start":{"line":81,"column":51},"end":{"line":81,"column":78}},"40":{"start":{"line":83,"column":13},"end":{"line":104,"column":16}}},"fnMap":{"0":{"name":"(anonymous_0)","decl":{"start":{"line":7,"column":10},"end":{"line":7,"column":11}},"loc":{"start":{"line":7,"column":32},"end":{"line":70,"column":26}},"line":7},"1":{"name":"AddTask","decl":{"start":{"line":8,"column":11},"end":{"line":8,"column":18}},"loc":{"start":{"line":8,"column":26},"end":{"line":44,"column":61}},"line":8},"2":{"name":"(anonymous_2)","decl":{"start":{"line":29,"column":19},"end":{"line":29,"column":20}},"loc":{"start":{"line":29,"column":31},"end":{"line":44,"column":5}},"line":29},"3":{"name":"componentDidMount","decl":{"start":{"line":44,"column":142},"end":{"line":44,"column":159}},"loc":{"start":{"line":44,"column":162},"end":{"line":44,"column":352}},"line":44},"4":{"name":"(anonymous_4)","decl":{"start":{"line":44,"column":262},"end":{"line":44,"column":263}},"loc":{"start":{"line":44,"column":278},"end":{"line":44,"column":349}},"line":44},"5":{"name":"render","decl":{"start":{"line":44,"column":389},"end":{"line":44,"column":395}},"loc":{"start":{"line":46,"column":4},"end":{"line":70,"column":5}},"line":46},"6":{"name":"onChangeText","decl":{"start":{"line":57,"column":33},"end":{"line":57,"column":45}},"loc":{"start":{"line":57,"column":52},"end":{"line":57,"column":93}},"line":57},"7":{"name":"onPress","decl":{"start":{"line":64,"column":28},"end":{"line":64,"column":35}},"loc":{"start":{"line":64,"column":38},"end":{"line":64,"column":94}},"line":64},"8":{"name":"mapStateToProps","decl":{"start":{"line":73,"column":31},"end":{"line":73,"column":46}},"loc":{"start":{"line":73,"column":54},"end":{"line":79,"column":1}},"line":73}},"branchMap":{"0":{"loc":{"start":{"line":30,"column":6},"end":{"line":43,"column":7}},"type":"if","locations":[{"start":{"line":30,"column":6},"end":{"line":43,"column":7}},{"start":{"line":30,"column":6},"end":{"line":43,"column":7}}],"line":30},"1":{"loc":{"start":{"line":44,"column":279},"end":{"line":44,"column":348}},"type":"if","locations":[{"start":{"line":44,"column":279},"end":{"line":44,"column":348}},{"start":{"line":44,"column":279},"end":{"line":44,"column":348}}],"line":44},"2":{"loc":{"start":{"line":74,"column":2},"end":{"line":78,"column":3}},"type":"if","locations":[{"start":{"line":74,"column":2},"end":{"line":78,"column":3}},{"start":{"line":74,"column":2},"end":{"line":78,"column":3}}],"line":74}},"s":{"0":1,"1":1,"2":1,"3":1,"4":1,"5":1,"6":1,"7":1,"8":1,"9":1,"10":1,"11":1,"12":1,"13":1,"14":1,"15":1,"16":1,"17":0,"18":0,"19":0,"20":0,"21":0,"22":0,"23":0,"24":1,"25":0,"26":0,"27":0,"28":0,"29":0,"30":0,"31":0,"32":0,"33":0,"34":1,"35":1,"36":0,"37":0,"38":1,"39":1,"40":1},"f":{"0":1,"1":0,"2":0,"3":0,"4":0,"5":0,"6":0,"7":0,"8":0},"b":{"0":[0,0],"1":[0,0],"2":[0,0]},"_coverageSchema":"43e27e138ebf9cfc5966b082cf9a028302ed4184","hash":"e930238c3e1de4b59ce6cb73925423823a94b9c1"}
,"/Users/vidol/Desktop/Do/components/component/MyHeader.js": {"path":"/Users/vidol/Desktop/Do/components/component/MyHeader.js","statementMap":{"0":{"start":{"line":1,"column":42},"end":{"line":1,"column":97}},"1":{"start":{"line":1,"column":98},"end":{"line":1,"column":160}},"2":{"start":{"line":1,"column":160},"end":{"line":1,"column":185}},"3":{"start":{"line":1,"column":198},"end":{"line":1,"column":238}},"4":{"start":{"line":2,"column":19},"end":{"line":2,"column":42}},"5":{"start":{"line":2,"column":62},"end":{"line":2,"column":120}},"6":{"start":{"line":4,"column":15},"end":{"line":17,"column":1}},"7":{"start":{"line":5,"column":2},"end":{"line":14,"column":153}},"8":{"start":{"line":9,"column":103},"end":{"line":9,"column":142}},"9":{"start":{"line":19,"column":0},"end":{"line":19,"column":8}},"10":{"start":{"line":19,"column":9},"end":{"line":19,"column":36}},"11":{"start":{"line":21,"column":13},"end":{"line":44,"column":18}}},"fnMap":{"0":{"name":"MyHeader","decl":{"start":{"line":4,"column":24},"end":{"line":4,"column":32}},"loc":{"start":{"line":4,"column":40},"end":{"line":17,"column":1}},"line":4},"1":{"name":"onPress","decl":{"start":{"line":9,"column":92},"end":{"line":9,"column":99}},"loc":{"start":{"line":9,"column":102},"end":{"line":9,"column":143}},"line":9}},"branchMap":{"0":{"loc":{"start":{"line":8,"column":4},"end":{"line":12,"column":109}},"type":"cond-expr","locations":[{"start":{"line":9,"column":4},"end":{"line":10,"column":178}},{"start":{"line":12,"column":4},"end":{"line":12,"column":109}}],"line":8}},"s":{"0":1,"1":1,"2":1,"3":1,"4":1,"5":1,"6":1,"7":1,"8":0,"9":1,"10":1,"11":1},"f":{"0":1,"1":0},"b":{"0":[0,1]},"_coverageSchema":"43e27e138ebf9cfc5966b082cf9a028302ed4184","hash":"96b0f3ec5908a507f7fb48558984ca3d55af4f67"}
}
