TN:
SF:/Users/vidol/Desktop/Do/actions/index.js
FN:3,Fetching
FN:8,Fetch
FN:14,FetchError
FN:20,LoginCheck
FN:20,(anonymous_4)
FN:22,(anonymous_5)
FNF:6
FNH:0
FNDA:0,Fetching
FNDA:0,Fetch
FNDA:0,FetchError
FNDA:0,LoginCheck
FNDA:0,(anonymous_4)
FNDA:0,(anonymous_5)
DA:1,1
DA:3,1
DA:4,0
DA:8,1
DA:9,0
DA:14,1
DA:15,0
DA:20,1
DA:21,0
DA:22,0
DA:23,0
DA:24,0
DA:26,0
DA:29,1
LF:14
LH:6
BRDA:23,0,0,0
BRDA:23,0,1,0
BRF:2
BRH:0
end_of_record
TN:
SF:/Users/vidol/Desktop/Do/components/component/AddTask.js
FN:7,(anonymous_0)
FN:8,AddTask
FN:29,(anonymous_2)
FN:44,componentDidMount
FN:44,(anonymous_4)
FN:44,render
FN:57,onChangeText
FN:64,onPress
FN:73,mapStateToProps
FNF:9
FNH:1
FNDA:1,(anonymous_0)
FNDA:0,AddTask
FNDA:0,(anonymous_2)
FNDA:0,componentDidMount
FNDA:0,(anonymous_4)
FNDA:0,render
FNDA:0,onChangeText
FNDA:0,onPress
FNDA:0,mapStateToProps
DA:1,1
DA:2,1
DA:3,1
DA:4,1
DA:5,1
DA:7,1
DA:8,0
DA:9,0
DA:30,0
DA:31,0
DA:44,1
DA:46,0
DA:47,0
DA:57,0
DA:64,0
DA:70,1
DA:73,1
DA:74,0
DA:75,0
DA:81,1
DA:83,1
LF:21
LH:11
BRDA:30,0,0,0
BRDA:30,0,1,0
BRDA:44,1,0,0
BRDA:44,1,1,0
BRDA:74,2,0,0
BRDA:74,2,1,0
BRF:6
BRH:0
end_of_record
TN:
SF:/Users/vidol/Desktop/Do/components/component/MyHeader.js
FN:4,MyHeader
FN:9,onPress
FNF:2
FNH:1
FNDA:1,MyHeader
FNDA:0,onPress
DA:1,1
DA:2,1
DA:4,1
DA:5,1
DA:9,0
DA:19,1
DA:21,1
LF:7
LH:6
BRDA:8,0,0,0
BRDA:8,0,1,1
BRF:2
BRH:1
end_of_record
